#
# A fatal error has been detected by the Java Runtime Environment:
#
#  Internal Error (sharedRuntime.cpp:728), pid=3816, tid=82435
#  guarantee(false) failed: missing exception handler
#
# JRE version: 7.0_10-b18
# Java VM: Java HotSpot(TM) 64-Bit Server VM (23.6-b04 mixed mode bsd-amd64 compressed oops)
# Failed to write core dump. Core dumps have been disabled. To enable core dumping, try "ulimit -c unlimited" before starting Java again
#
# If you would like to submit a bug report, please visit:
#   http://bugreport.sun.com/bugreport/crash.jsp
#

---------------  T H R E A D  ---------------

Current thread (0x00007fda4b936000):  JavaThread "Thread-113" [_thread_in_vm, id=82435, stack(0x00000001705d5000,0x00000001706d5000)]

Stack: [0x00000001705d5000,0x00000001706d5000],  sp=0x00000001706d3d90,  free space=1019k
Native frames: (J=compiled Java code, j=interpreted, Vv=VM code, C=native code)
V  [libjvm.dylib+0x4a3117]
V  [libjvm.dylib+0x1b1ebf]
V  [libjvm.dylib+0x4080c9]
V  [libjvm.dylib+0x400a70]
V  [libjvm.dylib+0x400b3f]

Java frames: (J=compiled Java code, j=interpreted, Vv=VM code)
v  ~ExceptionBlob
J  gomoku.GomokuBoard.<init>(Lgomoku/GomokuBoard;)V
J  gomoku.player.Node.createChildren()V
j  gomoku.player.AlphaBeta.alphaBeta(Lgomoku/player/Node;Ljava/lang/Integer;Lgomoku/player/Pair;Lgomoku/player/Pair;Lgomoku/GomokuBoardState;)Lgomoku/player/Pair;+216
j  gomoku.player.AlphaBeta.alphaBeta(Lgomoku/player/Node;Ljava/lang/Integer;Lgomoku/player/Pair;Lgomoku/player/Pair;Lgomoku/GomokuBoardState;)Lgomoku/player/Pair;+136
j  gomoku.player.AlphaBeta.algorithm(I)Ljava/awt/Point;+55
j  gomoku.player.Bot.run()V+159
j  java.lang.Thread.run()V+11
v  ~StubRoutines::call_stub

---------------  P R O C E S S  ---------------

Java Threads: ( => current thread )
  0x00007fda4ca76000 JavaThread "Timer-56" [_thread_blocked, id=83203, stack(0x0000000170d93000,0x0000000170e93000)]
  0x00007fda4cb5e000 JavaThread "Thread-115" [_thread_in_native, id=82947, stack(0x00000001702d2000,0x00000001703d2000)]
=>0x00007fda4b936000 JavaThread "Thread-113" [_thread_in_vm, id=82435, stack(0x00000001705d5000,0x00000001706d5000)]
  0x00007fda4c9a5800 JavaThread "Thread-2" [_thread_blocked, id=37391, stack(0x00000001701cf000,0x00000001702cf000)]
  0x00007fda4b8a2000 JavaThread "TimerQueue" daemon [_thread_blocked, id=51251, stack(0x000000016fb51000,0x000000016fc51000)]
  0x00007fda4b88d000 JavaThread "org.netbeans.modules.debugger.jpda.visual AWT Access Loop" daemon [_thread_blocked, id=49419, stack(0x000000016eaab000,0x000000016ebab000)]
  0x00007fda4a874000 JavaThread "DestroyJavaVM" [_thread_blocked, id=5891, stack(0x000000010b3b9000,0x000000010b4b9000)]
  0x00007fda4a84e000 JavaThread "AWT-EventQueue-0" [_thread_in_Java, id=41995, stack(0x000000016c0fe000,0x000000016c1fe000)]
  0x00007fda4c0ac800 JavaThread "Java2D Disposer" daemon [_thread_blocked, id=41219, stack(0x000000016bfaf000,0x000000016c0af000)]
  0x00007fda4c0a3800 JavaThread "Java2D Queue Flusher" daemon [_thread_blocked, id=36375, stack(0x000000016ae86000,0x000000016af86000)]
  0x00007fda4a81f000 JavaThread "AWT-Shutdown" [_thread_blocked, id=22023, stack(0x00000001674a3000,0x00000001675a3000)]
  0x00007fda4b858000 JavaThread "AppKit Thread" daemon [_thread_in_native, id=1799, stack(0x00007fff54c19000,0x00007fff55419000)]
  0x00007fda4b815000 JavaThread "Service Thread" daemon [_thread_blocked, id=21507, stack(0x0000000167002000,0x0000000167102000)]
  0x00007fda4b816000 JavaThread "C2 CompilerThread1" daemon [_thread_in_native, id=21251, stack(0x0000000166eff000,0x0000000166fff000)]
  0x00007fda4c051800 JavaThread "C2 CompilerThread0" daemon [_thread_in_native, id=20995, stack(0x0000000166dfc000,0x0000000166efc000)]
  0x00007fda4a819000 JavaThread "JDWP Command Reader" daemon [_thread_in_native, id=20739, stack(0x0000000166cf9000,0x0000000166df9000)]
  0x00007fda4c050000 JavaThread "JDWP Event Helper Thread" daemon [_thread_blocked, id=20483, stack(0x0000000166bf6000,0x0000000166cf6000)]
  0x00007fda4c04b000 JavaThread "JDWP Transport Listener: dt_socket" daemon [_thread_blocked, id=20227, stack(0x0000000166af3000,0x0000000166bf3000)]
  0x00007fda4c81b000 JavaThread "Signal Dispatcher" daemon [_thread_blocked, id=19971, stack(0x00000001669ea000,0x0000000166aea000)]
  0x00007fda4c047000 JavaThread "Finalizer" daemon [_thread_blocked, id=15107, stack(0x0000000166716000,0x0000000166816000)]
  0x00007fda4c046800 JavaThread "Reference Handler" daemon [_thread_blocked, id=14851, stack(0x0000000166613000,0x0000000166713000)]

Other Threads:
  0x00007fda4c043800 VMThread [stack: 0x0000000166510000,0x0000000166610000] [id=14595]
  0x00007fda4b801800 WatcherThread [stack: 0x0000000167105000,0x0000000167205000] [id=21763]

VM state:not at safepoint (normal execution)

VM Mutex/Monitor currently owned by a thread: None

Heap
 PSYoungGen      total 23296K, used 15144K [0x0000000147750000, 0x000000014a4b0000, 0x00000001616a0000)
  eden space 20032K, 60% used [0x0000000147750000,0x0000000148334a08,0x0000000148ae0000)
  from space 3264K, 90% used [0x0000000148ae0000,0x0000000148dc56f0,0x0000000148e10000)
  to   space 3200K, 0% used [0x000000014a190000,0x000000014a190000,0x000000014a4b0000)
 ParOldGen       total 53120K, used 4250K [0x00000001138a0000, 0x0000000116c80000, 0x0000000147750000)
  object space 53120K, 8% used [0x00000001138a0000,0x0000000113cc6b10,0x0000000116c80000)
 PSPermGen       total 21248K, used 12544K [0x000000010e6a0000, 0x000000010fb60000, 0x00000001138a0000)
  object space 21248K, 59% used [0x000000010e6a0000,0x000000010f2e01d8,0x000000010fb60000)

Card table byte_map: [0x00000001616a0000,0x0000000161939000] byte_map_base: 0x0000000160e2cb00

Polling page: 0x000000010b4f8000

Code Cache  [0x000000010b5cf000, 0x000000010b83f000, 0x000000010e5cf000)
 total_blobs=743 nmethods=296 adapters=407 free_code_cache=47945Kb largest_free_block=49053696

Compilation events (10 events):
Event: 18.940 Thread 0x00007fda4b816000 nmethod 293 0x000000010b7010d0 code [0x000000010b701220, 0x000000010b7012d8]
Event: 18.940 Thread 0x00007fda4b816000  295             java.lang.String::trim (77 bytes)
Event: 18.943 Thread 0x00007fda4c051800 nmethod 294 0x000000010b702710 code [0x000000010b702860, 0x000000010b7029d8]
Event: 18.943 Thread 0x00007fda4c051800  296             sun.font.FontDesignMetrics::getLatinCharWidth (29 bytes)
Event: 18.944 Thread 0x00007fda4b816000 nmethod 295 0x000000010b702310 code [0x000000010b702460, 0x000000010b7025e8]
Event: 18.944 Thread 0x00007fda4b816000  297  s          java.util.Hashtable::get (70 bytes)
Event: 18.945 Thread 0x00007fda4c051800 nmethod 296 0x000000010b6e2490 code [0x000000010b6e2620, 0x000000010b6e27c8]
Event: 18.945 Thread 0x00007fda4c051800  298             sun.java2d.pipe.RenderBuffer::putFloat (26 bytes)
Event: 18.946 Thread 0x00007fda4c051800 nmethod 298 0x000000010b6f98d0 code [0x000000010b6f9a20, 0x000000010b6f9af8]
Event: 18.946 Thread 0x00007fda4c051800  299   !         javax.swing.JComponent::getClientProperty (56 bytes)

GC Heap History (10 events):
Event: 7.668 GC heap before
{Heap before GC invocations=1 (full 0):
 PSYoungGen      total 23296K, used 20032K [0x0000000147750000, 0x0000000149140000, 0x00000001616a0000)
  eden space 20032K, 100% used [0x0000000147750000,0x0000000148ae0000,0x0000000148ae0000)
  from space 3264K, 0% used [0x0000000148e10000,0x0000000148e10000,0x0000000149140000)
  to   space 3264K, 0% used [0x0000000148ae0000,0x0000000148ae0000,0x0000000148e10000)
 ParOldGen       total 53120K, used 0K [0x00000001138a0000, 0x0000000116c80000, 0x0000000147750000)
  object space 53120K, 0% used [0x00000001138a0000,0x00000001138a0000,0x0000000116c80000)
 PSPermGen       total 21248K, used 11780K [0x000000010e6a0000, 0x000000010fb60000, 0x00000001138a0000)
  object space 21248K, 55% used [0x000000010e6a0000,0x000000010f221228,0x000000010fb60000)
Event: 7.676 GC heap after
Heap after GC invocations=1 (full 0):
 PSYoungGen      total 23296K, used 2419K [0x0000000147750000, 0x0000000149140000, 0x00000001616a0000)
  eden space 20032K, 0% used [0x0000000147750000,0x0000000147750000,0x0000000148ae0000)
  from space 3264K, 74% used [0x0000000148ae0000,0x0000000148d3cd40,0x0000000148e10000)
  to   space 3264K, 0% used [0x0000000148e10000,0x0000000148e10000,0x0000000149140000)
 ParOldGen       total 53120K, used 4226K [0x00000001138a0000, 0x0000000116c80000, 0x0000000147750000)
  object space 53120K, 7% used [0x00000001138a0000,0x0000000113cc0b10,0x0000000116c80000)
 PSPermGen       total 21248K, used 11780K [0x000000010e6a0000, 0x000000010fb60000, 0x00000001138a0000)
  object space 21248K, 55% used [0x000000010e6a0000,0x000000010f221228,0x000000010fb60000)
}
Event: 9.518 GC heap before
{Heap before GC invocations=2 (full 0):
 PSYoungGen      total 23296K, used 22451K [0x0000000147750000, 0x0000000149140000, 0x00000001616a0000)
  eden space 20032K, 100% used [0x0000000147750000,0x0000000148ae0000,0x0000000148ae0000)
  from space 3264K, 74% used [0x0000000148ae0000,0x0000000148d3cd40,0x0000000148e10000)
  to   space 3264K, 0% used [0x0000000148e10000,0x0000000148e10000,0x0000000149140000)
 ParOldGen       total 53120K, used 4226K [0x00000001138a0000, 0x0000000116c80000, 0x0000000147750000)
  object space 53120K, 7% used [0x00000001138a0000,0x0000000113cc0b10,0x0000000116c80000)
 PSPermGen       total 21248K, used 12369K [0x000000010e6a0000, 0x000000010fb60000, 0x00000001138a0000)
  object space 21248K, 58% used [0x000000010e6a0000,0x000000010f2b4438,0x000000010fb60000)
Event: 9.527 GC heap after
Heap after GC invocations=2 (full 0):
 PSYoungGen      total 23296K, used 2515K [0x0000000147750000, 0x0000000149140000, 0x00000001616a0000)
  eden space 20032K, 0% used [0x0000000147750000,0x0000000147750000,0x0000000148ae0000)
  from space 3264K, 77% used [0x0000000148e10000,0x0000000149084d40,0x0000000149140000)
  to   space 3264K, 0% used [0x0000000148ae0000,0x0000000148ae0000,0x0000000148e10000)
 ParOldGen       total 53120K, used 4234K [0x00000001138a0000, 0x0000000116c80000, 0x0000000147750000)
  object space 53120K, 7% used [0x00000001138a0000,0x0000000113cc2b10,0x0000000116c80000)
 PSPermGen       total 21248K, used 12369K [0x000000010e6a0000, 0x000000010fb60000, 0x00000001138a0000)
  object space 21248K, 58% used [0x000000010e6a0000,0x000000010f2b4438,0x000000010fb60000)
}
Event: 17.876 GC heap before
{Heap before GC invocations=3 (full 0):
 PSYoungGen      total 23296K, used 22547K [0x0000000147750000, 0x0000000149140000, 0x00000001616a0000)
  eden space 20032K, 100% used [0x0000000147750000,0x0000000148ae0000,0x0000000148ae0000)
  from space 3264K, 77% used [0x0000000148e10000,0x0000000149084d40,0x0000000149140000)
  to   space 3264K, 0% used [0x0000000148ae0000,0x0000000148ae0000,0x0000000148e10000)
 ParOldGen       total 53120K, used 4234K [0x00000001138a0000, 0x0000000116c80000, 0x0000000147750000)
  object space 53120K, 7% used [0x00000001138a0000,0x0000000113cc2b10,0x0000000116c80000)
 PSPermGen       total 21248K, used 12518K [0x000000010e6a0000, 0x000000010fb60000, 0x00000001138a0000)
  object space 21248K, 58% used [0x000000010e6a0000,0x000000010f2d9808,0x000000010fb60000)
Event: 17.887 GC heap after
Heap after GC invocations=3 (full 0):
 PSYoungGen      total 23296K, used 2773K [0x0000000147750000, 0x0000000149140000, 0x00000001616a0000)
  eden space 20032K, 0% used [0x0000000147750000,0x0000000147750000,0x0000000148ae0000)
  from space 3264K, 84% used [0x0000000148ae0000,0x0000000148d956f0,0x0000000148e10000)
  to   space 3264K, 0% used [0x0000000148e10000,0x0000000148e10000,0x0000000149140000)
 ParOldGen       total 53120K, used 4242K [0x00000001138a0000, 0x0000000116c80000, 0x0000000147750000)
  object space 53120K, 7% used [0x00000001138a0000,0x0000000113cc4b10,0x0000000116c80000)
 PSPermGen       total 21248K, used 12518K [0x000000010e6a0000, 0x000000010fb60000, 0x00000001138a0000)
  object space 21248K, 58% used [0x000000010e6a0000,0x000000010f2d9808,0x000000010fb60000)
}
Event: 18.417 GC heap before
{Heap before GC invocations=4 (full 0):
 PSYoungGen      total 23296K, used 22805K [0x0000000147750000, 0x0000000149140000, 0x00000001616a0000)
  eden space 20032K, 100% used [0x0000000147750000,0x0000000148ae0000,0x0000000148ae0000)
  from space 3264K, 84% used [0x0000000148ae0000,0x0000000148d956f0,0x0000000148e10000)
  to   space 3264K, 0% used [0x0000000148e10000,0x0000000148e10000,0x0000000149140000)
 ParOldGen       total 53120K, used 4242K [0x00000001138a0000, 0x0000000116c80000, 0x0000000147750000)
  object space 53120K, 7% used [0x00000001138a0000,0x0000000113cc4b10,0x0000000116c80000)
 PSPermGen       total 21248K, used 12533K [0x000000010e6a0000, 0x000000010fb60000, 0x00000001138a0000)
  object space 21248K, 58% used [0x000000010e6a0000,0x000000010f2dd508,0x000000010fb60000)
Event: 18.427 GC heap after
Heap after GC invocations=4 (full 0):
 PSYoungGen      total 23296K, used 2901K [0x0000000147750000, 0x0000000149140000, 0x00000001616a0000)
  eden space 20032K, 0% used [0x0000000147750000,0x0000000147750000,0x0000000148ae0000)
  from space 3264K, 88% used [0x0000000148e10000,0x00000001490e56f0,0x0000000149140000)
  to   space 3264K, 0% used [0x0000000148ae0000,0x0000000148ae0000,0x0000000148e10000)
 ParOldGen       total 53120K, used 4250K [0x00000001138a0000, 0x0000000116c80000, 0x0000000147750000)
  object space 53120K, 8% used [0x00000001138a0000,0x0000000113cc6b10,0x0000000116c80000)
 PSPermGen       total 21248K, used 12533K [0x000000010e6a0000, 0x000000010fb60000, 0x00000001138a0000)
  object space 21248K, 58% used [0x000000010e6a0000,0x000000010f2dd508,0x000000010fb60000)
}
Event: 18.781 GC heap before
{Heap before GC invocations=5 (full 0):
 PSYoungGen      total 23296K, used 22933K [0x0000000147750000, 0x0000000149140000, 0x00000001616a0000)
  eden space 20032K, 100% used [0x0000000147750000,0x0000000148ae0000,0x0000000148ae0000)
  from space 3264K, 88% used [0x0000000148e10000,0x00000001490e56f0,0x0000000149140000)
  to   space 3264K, 0% used [0x0000000148ae0000,0x0000000148ae0000,0x0000000148e10000)
 ParOldGen       total 53120K, used 4250K [0x00000001138a0000, 0x0000000116c80000, 0x0000000147750000)
  object space 53120K, 8% used [0x00000001138a0000,0x0000000113cc6b10,0x0000000116c80000)
 PSPermGen       total 21248K, used 12538K [0x000000010e6a0000, 0x000000010fb60000, 0x00000001138a0000)
  object space 21248K, 59% used [0x000000010e6a0000,0x000000010f2dea50,0x000000010fb60000)
Event: 18.791 GC heap after
Heap after GC invocations=5 (full 0):
 PSYoungGen      total 23296K, used 2965K [0x0000000147750000, 0x000000014a4b0000, 0x00000001616a0000)
  eden space 20032K, 0% used [0x0000000147750000,0x0000000147750000,0x0000000148ae0000)
  from space 3264K, 90% used [0x0000000148ae0000,0x0000000148dc56f0,0x0000000148e10000)
  to   space 3200K, 0% used [0x000000014a190000,0x000000014a190000,0x000000014a4b0000)
 ParOldGen       total 53120K, used 4250K [0x00000001138a0000, 0x0000000116c80000, 0x0000000147750000)
  object space 53120K, 8% used [0x00000001138a0000,0x0000000113cc6b10,0x0000000116c80000)
 PSPermGen       total 21248K, used 12538K [0x000000010e6a0000, 0x000000010fb60000, 0x00000001138a0000)
  object space 21248K, 59% used [0x000000010e6a0000,0x000000010f2dea50,0x000000010fb60000)
}

Deoptimization events (5 events):
Event: 2.075 Thread 0x00007fda4a84e000 Uncommon trap -34 fr.pc 0x000000010b641ff4
Event: 2.075 Thread 0x00007fda4a84e000 Uncommon trap -34 fr.pc 0x000000010b641ff4
Event: 2.078 Thread 0x00007fda4a84e000 Uncommon trap -34 fr.pc 0x000000010b641ff4
Event: 2.078 Thread 0x00007fda4a84e000 Uncommon trap -34 fr.pc 0x000000010b641ff4
Event: 16.971 Thread 0x00007fda4a908000 Uncommon trap -28 fr.pc 0x000000010b698160

Internal exceptions (10 events):
Event: 18.743 Thread 0x00007fda4c9a5800 JVM_StopThread thread JavaThread 0x00007fda4a908000 as oop 0x0000000148188048 [exception 0x00000001702ce8e8]
Event: 18.761 Thread 0x00007fda4c9a5800 JVM_StopThread thread JavaThread 0x00007fda4aa29000 as oop 0x0000000148188d68 [exception 0x00000001702ce8e8]
Event: 18.777 Thread 0x00007fda4c9a5800 JVM_StopThread thread JavaThread 0x00007fda4aa29000 as oop 0x0000000148978598 [exception 0x00000001702ce8e8]
Event: 18.804 Thread 0x00007fda4c9a5800 JVM_StopThread thread JavaThread 0x00007fda4a908000 as oop 0x0000000148aeebb0 [exception 0x00000001702ce8e8]
Event: 18.828 Thread 0x00007fda4c9a5800 JVM_StopThread thread JavaThread 0x00007fda4a908000 as oop 0x000000014785f950 [exception 0x00000001702ce8e8]
Event: 18.847 Thread 0x00007fda4c9a5800 JVM_StopThread thread JavaThread 0x00007fda4c0df000 as oop 0x00000001478605c0 [exception 0x00000001702ce8e8]
Event: 18.876 Thread 0x00007fda4c9a5800 JVM_StopThread thread JavaThread 0x00007fda4a908000 as oop 0x00000001478612d0 [exception 0x00000001702ce8e8]
Event: 18.901 Thread 0x00007fda4c9a5800 JVM_StopThread thread JavaThread 0x00007fda4cb5e000 as oop 0x0000000147862040 [exception 0x00000001702ce8e8]
Event: 18.922 Thread 0x00007fda4c9a5800 JVM_StopThread thread JavaThread 0x00007fda4cb5e000 as oop 0x0000000147862d00 [exception 0x00000001702ce8e8]
Event: 18.950 Thread 0x00007fda4c9a5800 JVM_StopThread thread JavaThread 0x00007fda4b936000 as oop 0x0000000147efc508 [exception 0x00000001702ce8e8]

Events (10 events):
Event: 18.947 Executing VM operation: GetOrSetLocal
Event: 18.949 Executing VM operation: GetOrSetLocal done
Event: 18.949 Executing VM operation: EnterInterpOnlyMode
Event: 18.950 Executing VM operation: EnterInterpOnlyMode done
Event: 18.950 Thread 0x00007fda4cb5e000 Thread added: 0x00007fda4cb5e000
Event: 18.950 Executing VM operation: ThreadStop
Event: 18.950 Thread 0x00007fda4ca76000 Thread added: 0x00007fda4ca76000
Event: 18.951 Executing VM operation: ThreadStop done
Event: 18.951 Thread 0x00007fda4b936000 DEOPT PACKING pc=0x000000010b699494 sp=0x00000001706d4760
Event: 18.951 Thread 0x00007fda4b936000 DEOPT UNPACKING pc=0x000000010b607f0f sp=0x00000001706d44b0 mode 0


Dynamic libraries:
0x00000000027c6000 	/System/Library/Frameworks/Cocoa.framework/Versions/A/Cocoa
0x00000000027c6000 	/System/Library/Frameworks/Security.framework/Versions/A/Security
0x00000000027c6000 	/System/Library/Frameworks/ApplicationServices.framework/Versions/A/ApplicationServices
0x00000000027c6000 	/usr/lib/libz.1.dylib
0x00000000027c6000 	/usr/lib/libSystem.B.dylib
0x00000000027c6000 	/usr/lib/libobjc.A.dylib
0x00000000027c6000 	/System/Library/Frameworks/CoreFoundation.framework/Versions/A/CoreFoundation
0x00000000027c6000 	/System/Library/Frameworks/AppKit.framework/Versions/C/AppKit
0x00000000027c6000 	/System/Library/Frameworks/CoreData.framework/Versions/A/CoreData
0x00000000027c6000 	/System/Library/Frameworks/Foundation.framework/Versions/C/Foundation
0x00000000027c6000 	/System/Library/PrivateFrameworks/RemoteViewServices.framework/Versions/A/RemoteViewServices
0x00000000027c6000 	/System/Library/Frameworks/AudioToolbox.framework/Versions/A/AudioToolbox
0x00000000027c6000 	/System/Library/Frameworks/AudioUnit.framework/Versions/A/AudioUnit
0x00000000027c6000 	/System/Library/PrivateFrameworks/DataDetectorsCore.framework/Versions/A/DataDetectorsCore
0x00000000027c6000 	/System/Library/PrivateFrameworks/DesktopServicesPriv.framework/Versions/A/DesktopServicesPriv
0x00000000027c6000 	/System/Library/Frameworks/Carbon.framework/Versions/A/Frameworks/HIToolbox.framework/Versions/A/HIToolbox
0x00000000027c6000 	/System/Library/Frameworks/QuartzCore.framework/Versions/A/QuartzCore
0x00000000027c6000 	/System/Library/Frameworks/Carbon.framework/Versions/A/Frameworks/SpeechRecognition.framework/Versions/A/SpeechRecognition
0x00000000027c6000 	/usr/lib/libauto.dylib
0x00000000027c6000 	/usr/lib/libicucore.A.dylib
0x00000000027c6000 	/usr/lib/libxml2.2.dylib
0x00000000027c6000 	/System/Library/PrivateFrameworks/CoreUI.framework/Versions/A/CoreUI
0x00000000027c6000 	/System/Library/Frameworks/CoreAudio.framework/Versions/A/CoreAudio
0x00000000027c6000 	/System/Library/Frameworks/DiskArbitration.framework/Versions/A/DiskArbitration
0x00000000027c6000 	/usr/lib/liblangid.dylib
0x00000000027c6000 	/System/Library/PrivateFrameworks/MultitouchSupport.framework/Versions/A/MultitouchSupport
0x00000000027c6000 	/System/Library/Frameworks/IOKit.framework/Versions/A/IOKit
0x00000000027c6000 	/usr/lib/libDiagnosticMessagesClient.dylib
0x00000000027c6000 	/System/Library/Frameworks/CoreServices.framework/Versions/A/CoreServices
0x00000000027c6000 	/System/Library/PrivateFrameworks/PerformanceAnalysis.framework/Versions/A/PerformanceAnalysis
0x00000000027c6000 	/System/Library/PrivateFrameworks/GenerationalStorage.framework/Versions/A/GenerationalStorage
0x00000000027c6000 	/System/Library/Frameworks/OpenGL.framework/Versions/A/OpenGL
0x00000000027c6000 	/System/Library/Frameworks/CoreText.framework/Versions/A/CoreText
0x00000000027c6000 	/System/Library/Frameworks/ImageIO.framework/Versions/A/ImageIO
0x00000000027c6000 	/System/Library/PrivateFrameworks/Backup.framework/Versions/A/Backup
0x00000000027c6000 	/System/Library/Frameworks/CFNetwork.framework/Versions/A/CFNetwork
0x00000000027c6000 	/System/Library/Frameworks/SystemConfiguration.framework/Versions/A/SystemConfiguration
0x00000000027c6000 	/usr/lib/libCRFSuite.dylib
0x00000000027c6000 	/System/Library/PrivateFrameworks/TCC.framework/Versions/A/TCC
0x00000000027c6000 	/usr/lib/libc++.1.dylib
0x00000000027c6000 	/usr/lib/libc++abi.dylib
0x00000000027c6000 	/usr/lib/system/libcache.dylib
0x00000000027c6000 	/usr/lib/system/libcommonCrypto.dylib
0x00000000027c6000 	/usr/lib/system/libcompiler_rt.dylib
0x00000000027c6000 	/usr/lib/system/libcopyfile.dylib
0x00000000027c6000 	/usr/lib/system/libdispatch.dylib
0x00000000027c6000 	/usr/lib/system/libdnsinfo.dylib
0x00000000027c6000 	/usr/lib/system/libdyld.dylib
0x00000000027c6000 	/usr/lib/system/libkeymgr.dylib
0x00000000027c6000 	/usr/lib/system/liblaunch.dylib
0x00000000027c6000 	/usr/lib/system/libmacho.dylib
0x00000000027c6000 	/usr/lib/system/libquarantine.dylib
0x00000000027c6000 	/usr/lib/system/libremovefile.dylib
0x00000000027c6000 	/usr/lib/system/libsystem_blocks.dylib
0x00000000027c6000 	/usr/lib/system/libsystem_c.dylib
0x00000000027c6000 	/usr/lib/system/libsystem_dnssd.dylib
0x00000000027c6000 	/usr/lib/system/libsystem_info.dylib
0x00000000027c6000 	/usr/lib/system/libsystem_kernel.dylib
0x00000000027c6000 	/usr/lib/system/libsystem_m.dylib
0x00000000027c6000 	/usr/lib/system/libsystem_network.dylib
0x00000000027c6000 	/usr/lib/system/libsystem_notify.dylib
0x00000000027c6000 	/usr/lib/system/libsystem_sandbox.dylib
0x00000000027c6000 	/usr/lib/system/libunc.dylib
0x00000000027c6000 	/usr/lib/system/libunwind.dylib
0x00000000027c6000 	/usr/lib/system/libxpc.dylib
0x00000000027c6000 	/usr/lib/system/libcorecrypto.dylib
0x00000000027c6000 	/usr/lib/libstdc++.6.dylib
0x00000000027c6000 	/usr/lib/libbsm.0.dylib
0x00000000027c6000 	/usr/lib/libsqlite3.dylib
0x00000000027c6000 	/usr/lib/libxar.1.dylib
0x00000000027c6000 	/usr/lib/libpam.2.dylib
0x00000000027c6000 	/usr/lib/libOpenScriptingUtil.dylib
0x00000000027c6000 	/usr/lib/libbz2.1.0.dylib
0x00000000027c6000 	/System/Library/Frameworks/CoreServices.framework/Versions/A/Frameworks/CarbonCore.framework/Versions/A/CarbonCore
0x00000000027c6000 	/System/Library/Frameworks/CoreServices.framework/Versions/A/Frameworks/Metadata.framework/Versions/A/Metadata
0x00000000027c6000 	/System/Library/Frameworks/CoreServices.framework/Versions/A/Frameworks/OSServices.framework/Versions/A/OSServices
0x00000000027c6000 	/System/Library/Frameworks/CoreServices.framework/Versions/A/Frameworks/SearchKit.framework/Versions/A/SearchKit
0x00000000027c6000 	/System/Library/Frameworks/CoreServices.framework/Versions/A/Frameworks/AE.framework/Versions/A/AE
0x00000000027c6000 	/System/Library/Frameworks/CoreServices.framework/Versions/A/Frameworks/LaunchServices.framework/Versions/A/LaunchServices
0x00000000027c6000 	/System/Library/Frameworks/CoreServices.framework/Versions/A/Frameworks/DictionaryServices.framework/Versions/A/DictionaryServices
0x00000000027c6000 	/System/Library/Frameworks/NetFS.framework/Versions/A/NetFS
0x00000000027c6000 	/usr/lib/system/libkxld.dylib
0x00000000027c6000 	/System/Library/PrivateFrameworks/NetAuth.framework/Versions/A/NetAuth
0x00000000027c6000 	/System/Library/Frameworks/OpenDirectory.framework/Versions/A/Frameworks/CFOpenDirectory.framework/Versions/A/CFOpenDirectory
0x00000000027c6000 	/usr/lib/libxslt.1.dylib
0x00000000027c6000 	/System/Library/PrivateFrameworks/FamilyControls.framework/Versions/A/FamilyControls
0x00000000027c6000 	/System/Library/Frameworks/Carbon.framework/Versions/A/Frameworks/Ink.framework/Versions/A/Ink
0x00000000027c6000 	/System/Library/Frameworks/ApplicationServices.framework/Versions/A/Frameworks/CoreGraphics.framework/Versions/A/CoreGraphics
0x00000000027c6000 	/System/Library/Frameworks/ApplicationServices.framework/Versions/A/Frameworks/ATS.framework/Versions/A/ATS
0x00000000027c6000 	/System/Library/Frameworks/ApplicationServices.framework/Versions/A/Frameworks/ColorSync.framework/Versions/A/ColorSync
0x00000000027c6000 	/System/Library/Frameworks/ApplicationServices.framework/Versions/A/Frameworks/HIServices.framework/Versions/A/HIServices
0x00000000027c6000 	/System/Library/Frameworks/ApplicationServices.framework/Versions/A/Frameworks/LangAnalysis.framework/Versions/A/LangAnalysis
0x00000000027c6000 	/System/Library/Frameworks/ApplicationServices.framework/Versions/A/Frameworks/PrintCore.framework/Versions/A/PrintCore
0x00000000027c6000 	/System/Library/Frameworks/ApplicationServices.framework/Versions/A/Frameworks/QD.framework/Versions/A/QD
0x00000000027c6000 	/System/Library/Frameworks/ApplicationServices.framework/Versions/A/Frameworks/SpeechSynthesis.framework/Versions/A/SpeechSynthesis
0x00000000027c6000 	/System/Library/Frameworks/IOSurface.framework/Versions/A/IOSurface
0x00000000027c6000 	/System/Library/Frameworks/Accelerate.framework/Versions/A/Accelerate
0x00000000027c6000 	/System/Library/Frameworks/ApplicationServices.framework/Versions/A/Frameworks/ATS.framework/Versions/A/Resources/libFontParser.dylib
0x00000000027c6000 	/System/Library/Frameworks/ApplicationServices.framework/Versions/A/Frameworks/ATS.framework/Versions/A/Resources/libFontRegistry.dylib
0x00000000027c6000 	/System/Library/Frameworks/Accelerate.framework/Versions/A/Frameworks/vImage.framework/Versions/A/vImage
0x00000000027c6000 	/System/Library/Frameworks/Accelerate.framework/Versions/A/Frameworks/vecLib.framework/Versions/A/vecLib
0x00000000027c6000 	/System/Library/Frameworks/Accelerate.framework/Versions/A/Frameworks/vecLib.framework/Versions/A/libvDSP.dylib
0x00000000027c6000 	/System/Library/Frameworks/Accelerate.framework/Versions/A/Frameworks/vecLib.framework/Versions/A/libvMisc.dylib
0x00000000027c6000 	/System/Library/Frameworks/Accelerate.framework/Versions/A/Frameworks/vecLib.framework/Versions/A/libLAPACK.dylib
0x00000000027c6000 	/System/Library/Frameworks/Accelerate.framework/Versions/A/Frameworks/vecLib.framework/Versions/A/libBLAS.dylib
0x00000000027c6000 	/System/Library/Frameworks/ImageIO.framework/Versions/A/Resources/libJPEG.dylib
0x00000000027c6000 	/System/Library/Frameworks/ImageIO.framework/Versions/A/Resources/libTIFF.dylib
0x00000000027c6000 	/System/Library/Frameworks/ImageIO.framework/Versions/A/Resources/libPng.dylib
0x00000000027c6000 	/System/Library/Frameworks/ImageIO.framework/Versions/A/Resources/libGIF.dylib
0x00000000027c6000 	/System/Library/Frameworks/ImageIO.framework/Versions/A/Resources/libJP2.dylib
0x00000000027c6000 	/System/Library/Frameworks/ImageIO.framework/Versions/A/Resources/libRadiance.dylib
0x00000000027c6000 	/usr/lib/libcups.2.dylib
0x00000000027c6000 	/System/Library/Frameworks/Kerberos.framework/Versions/A/Kerberos
0x00000000027c6000 	/System/Library/Frameworks/GSS.framework/Versions/A/GSS
0x00000000027c6000 	/usr/lib/libresolv.9.dylib
0x00000000027c6000 	/usr/lib/libiconv.2.dylib
0x00000000027c6000 	/System/Library/PrivateFrameworks/Heimdal.framework/Versions/A/Heimdal
0x00000000027c6000 	/System/Library/PrivateFrameworks/TrustEvaluationAgent.framework/Versions/A/TrustEvaluationAgent
0x00000000027c6000 	/System/Library/Frameworks/OpenDirectory.framework/Versions/A/OpenDirectory
0x00000000027c6000 	/System/Library/PrivateFrameworks/CommonAuth.framework/Versions/A/CommonAuth
0x00000000027c6000 	/System/Library/PrivateFrameworks/Bom.framework/Versions/A/Bom
0x00000000027c6000 	/System/Library/Frameworks/CoreVideo.framework/Versions/A/CoreVideo
0x00000000027c6000 	/System/Library/Frameworks/QuartzCore.framework/Versions/A/Frameworks/CoreImage.framework/Versions/A/CoreImage
0x00000000027c6000 	/System/Library/Frameworks/QuartzCore.framework/Versions/A/Frameworks/ScalableUserInterface.framework/Versions/A/ScalableUserInterface
0x00000000027c6000 	/System/Library/Frameworks/OpenGL.framework/Versions/A/Libraries/libGLU.dylib
0x00000000027c6000 	/System/Library/Frameworks/OpenGL.framework/Versions/A/Libraries/libGFXShared.dylib
0x00000000027c6000 	/System/Library/Frameworks/OpenGL.framework/Versions/A/Libraries/libGL.dylib
0x00000000027c6000 	/System/Library/Frameworks/OpenGL.framework/Versions/A/Libraries/libGLImage.dylib
0x00000000027c6000 	/System/Library/Frameworks/OpenGL.framework/Versions/A/Libraries/libCVMSPluginSupport.dylib
0x00000000027c6000 	/System/Library/Frameworks/OpenGL.framework/Versions/A/Libraries/libCoreVMClient.dylib
0x00000000027c6000 	/System/Library/PrivateFrameworks/CrashReporterSupport.framework/Versions/A/CrashReporterSupport
0x00000000027c6000 	/System/Library/Frameworks/OpenCL.framework/Versions/A/OpenCL
0x00000000027c6000 	/System/Library/PrivateFrameworks/FaceCoreLight.framework/Versions/A/FaceCoreLight
0x00000000027c6000 	/System/Library/PrivateFrameworks/AppleFSCompression.framework/Versions/A/AppleFSCompression
0x00000000027c6000 	/System/Library/PrivateFrameworks/Ubiquity.framework/Versions/A/Ubiquity
0x00000000027c6000 	/System/Library/Frameworks/ServiceManagement.framework/Versions/A/ServiceManagement
0x00000000027c6000 	/System/Library/PrivateFrameworks/ChunkingLibrary.framework/Versions/A/ChunkingLibrary
0x00000000027c6000 	/System/Library/Frameworks/vecLib.framework/Versions/A/vecLib
0x00000000027c6000 	/System/Library/Frameworks/SecurityFoundation.framework/Versions/A/SecurityFoundation
0x00000000027c6000 	/System/Library/PrivateFrameworks/CommerceKit.framework/Versions/A/Frameworks/CommerceCore.framework/Versions/A/CommerceCore
0x00000000027c6000 	/System/Library/PrivateFrameworks/CoreSymbolication.framework/Versions/A/CoreSymbolication
0x00000000027c6000 	/System/Library/PrivateFrameworks/Symbolication.framework/Versions/A/Symbolication
0x00000000027c6000 	/System/Library/PrivateFrameworks/DebugSymbols.framework/Versions/A/DebugSymbols
0x000000010a911000 	/Library/Java/JavaVirtualMachines/jdk1.7.0_10.jdk/Contents/Home/jre/lib/server/libjvm.dylib
0x000000010b4bb000 	/Library/Java/JavaVirtualMachines/jdk1.7.0_10.jdk/Contents/Home/jre/lib/libverify.dylib
0x000000010b4c8000 	/Library/Java/JavaVirtualMachines/jdk1.7.0_10.jdk/Contents/Home/jre/lib/libjava.dylib
0x000000010b4f9000 	/Library/Java/JavaVirtualMachines/jdk1.7.0_10.jdk/Contents/Home/jre/lib/libjdwp.dylib
0x000000010b536000 	/Library/Java/JavaVirtualMachines/jdk1.7.0_10.jdk/Contents/Home/jre/lib/./libnpt.dylib
0x000000010b5c6000 	/Library/Java/JavaVirtualMachines/jdk1.7.0_10.jdk/Contents/Home/jre/lib/libzip.dylib
0x0000000166818000 	/System/Library/Frameworks/JavaVM.framework/Frameworks/JavaRuntimeSupport.framework/JavaRuntimeSupport
0x0000000166830000 	/System/Library/Frameworks/JavaVM.framework/Versions/A/Frameworks/JavaNativeFoundation.framework/Versions/A/JavaNativeFoundation
0x0000000166845000 	/System/Library/Frameworks/JavaVM.framework/Versions/A/JavaVM
0x00000000027c6000 	/System/Library/Frameworks/Carbon.framework/Versions/A/Carbon
0x0000000166852000 	/System/Library/PrivateFrameworks/JavaLaunching.framework/Versions/A/JavaLaunching
0x00000000027c6000 	/System/Library/Frameworks/Carbon.framework/Versions/A/Frameworks/CommonPanels.framework/Versions/A/CommonPanels
0x00000000027c6000 	/System/Library/Frameworks/Carbon.framework/Versions/A/Frameworks/Help.framework/Versions/A/Help
0x00000000027c6000 	/System/Library/Frameworks/Carbon.framework/Versions/A/Frameworks/ImageCapture.framework/Versions/A/ImageCapture
0x00000000027c6000 	/System/Library/Frameworks/Carbon.framework/Versions/A/Frameworks/OpenScripting.framework/Versions/A/OpenScripting
0x00000000027c6000 	/System/Library/Frameworks/Carbon.framework/Versions/A/Frameworks/Print.framework/Versions/A/Print
0x00000000027c6000 	/System/Library/Frameworks/Carbon.framework/Versions/A/Frameworks/SecurityHI.framework/Versions/A/SecurityHI
0x0000000166aec000 	/Library/Java/JavaVirtualMachines/jdk1.7.0_10.jdk/Contents/Home/jre/lib/libdt_socket.dylib
0x0000000167252000 	/Library/Java/JavaVirtualMachines/jdk1.7.0_10.jdk/Contents/Home/jre/lib/libawt.dylib
0x0000000167301000 	/Library/Java/JavaVirtualMachines/jdk1.7.0_10.jdk/Contents/Home/jre/lib/./libmlib_image.dylib
0x00000001673cd000 	/Library/Java/JavaVirtualMachines/jdk1.7.0_10.jdk/Contents/Home/jre/lib/lwawt/liblwawt.dylib
0x000000016747f000 	/Library/Java/JavaVirtualMachines/jdk1.7.0_10.jdk/Contents/Home/jre/lib/libosxapp.dylib
0x000000016749b000 	/System/Library/Frameworks/ExceptionHandling.framework/Versions/A/ExceptionHandling
0x00000000027c6000 	/System/Library/PrivateFrameworks/CoreServicesInternal.framework/Versions/A/CoreServicesInternal
0x00000000027c6000 	/System/Library/PrivateFrameworks/Librarian.framework/Versions/A/Librarian
0x00000000027c6000 	/System/Library/Frameworks/ApplicationServices.framework/Versions/A/Frameworks/CoreGraphics.framework/Versions/A/Resources/libCSync.A.dylib
0x00000000027c6000 	/System/Library/Frameworks/ApplicationServices.framework/Versions/A/Frameworks/CoreGraphics.framework/Versions/A/Resources/libRIP.A.dylib
0x00000000027c6000 	/System/Library/Frameworks/ApplicationServices.framework/Versions/A/Frameworks/CoreGraphics.framework/Versions/A/Resources/libCGXType.A.dylib
0x000000016af88000 	/System/Library/Frameworks/OpenGL.framework/Resources/GLEngine.bundle/GLEngine
0x000000016b176000 	/System/Library/Frameworks/OpenGL.framework/Versions/A/Libraries/libGLProgrammability.dylib
0x000000016b2ec000 	/System/Library/Extensions/AppleIntelHD4000GraphicsGLDriver.bundle/Contents/MacOS/AppleIntelHD4000GraphicsGLDriver
0x0000000169669000 	/System/Library/PrivateFrameworks/GPUSupport.framework/Versions/A/Libraries/libGPUSupport.dylib
0x000000016b8d0000 	/System/Library/Frameworks/OpenGL.framework/Resources//GLRendererFloat.bundle/GLRendererFloat
0x000000016967e000 	/System/Library/Frameworks/OpenCL.framework/Versions/A/Libraries/libcldcpuengine.dylib
0x00000000027c6000 	/System/Library/PrivateFrameworks/DiskImages.framework/Versions/A/DiskImages
0x000000016b906000 	/System/Library/Frameworks/OpenGL.framework/Versions/A/Libraries/libCoreFSCache.dylib
0x00000000027c6000 	/System/Library/Frameworks/DiscRecording.framework/Versions/A/DiscRecording
0x00000000027c6000 	/usr/lib/libcurl.4.dylib
0x00000000027c6000 	/System/Library/PrivateFrameworks/MediaKit.framework/Versions/A/MediaKit
0x00000000027c6000 	/usr/lib/libssl.0.9.8.dylib
0x00000000027c6000 	/usr/lib/libcrypto.0.9.8.dylib
0x00000000027c6000 	/System/Library/Frameworks/LDAP.framework/Versions/A/LDAP
0x00000000027c6000 	/usr/lib/libsasl2.2.dylib
0x000000016c0b1000 	/Library/Java/JavaVirtualMachines/jdk1.7.0_10.jdk/Contents/Home/jre/lib/libfontmanager.dylib
0x000000016b90e000 	/Library/Java/JavaVirtualMachines/jdk1.7.0_10.jdk/Contents/Home/jre/lib/libosxui.dylib
0x000000016cd3e000 	cl_kernels
0x000000016e9f0000 	/System/Library/Frameworks/OpenCL.framework/Versions/A/Libraries/ImageFormats/unorm8_bgra.dylib
0x000000016cd44000 	cl_kernels
0x000000016c2ce000 	/Library/Java/JavaVirtualMachines/jdk1.7.0_10.jdk/Contents/Home/jre/lib/libnet.dylib
0x000000016c2e3000 	/Library/Java/JavaVirtualMachines/jdk1.7.0_10.jdk/Contents/Home/jre/lib/libnio.dylib
0x00000000027c6000 	/System/Library/Frameworks/ApplicationServices.framework/Versions/A/Frameworks/ATS.framework/Versions/A/Resources/libTrueTypeScaler.dylib
0x000000017095f000 	/Library/Java/JavaVirtualMachines/jdk1.7.0_10.jdk/Contents/Home/jre/lib/libdcpr.dylib

VM Arguments:
jvm_args: -Xbootclasspath/p:/Users/asiron/Dropbox/Studies/Programowanie Obiektowe/Java/Gomoku/ooii/${endorsed.classpath} -Xdebug -Xrunjdwp:transport=dt_socket,address=localhost:58607 -Dfile.encoding=UTF-8 
java_command: gomoku.Gomoku
Launcher Type: SUN_STANDARD

Environment Variables:
PATH=/usr/bin:/bin:/usr/sbin:/sbin
LD_LIBRARY_PATH=/Library/Java/JavaVirtualMachines/jdk1.7.0_10.jdk/Contents/Home/jre/lib/amd64:/Library/Java/JavaVirtualMachines/jdk1.7.0_10.jdk/Contents/Home/jre/lib/i386:
SHELL=/bin/bash
DISPLAY=/tmp/launch-PuR3bY/org.macosforge.xquartz:0

Signal Handlers:
SIGSEGV: [libjvm.dylib+0x4a363d], sa_mask[0]=0xfffefeff, sa_flags=0x00000042
SIGBUS: [libjvm.dylib+0x4a363d], sa_mask[0]=0xfffefeff, sa_flags=0x00000042
SIGFPE: [libjvm.dylib+0x3b3051], sa_mask[0]=0xfffefeff, sa_flags=0x00000042
SIGPIPE: [libjvm.dylib+0x3b3051], sa_mask[0]=0xfffefeff, sa_flags=0x00000042
SIGXFSZ: [libjvm.dylib+0x3b3051], sa_mask[0]=0xfffefeff, sa_flags=0x00000042
SIGILL: [libjvm.dylib+0x3b3051], sa_mask[0]=0xfffefeff, sa_flags=0x00000042
SIGUSR1: SIG_DFL, sa_mask[0]=0x00000000, sa_flags=0x00000002
SIGUSR2: [libjvm.dylib+0x3b2bea], sa_mask[0]=0x00000004, sa_flags=0x00000042
SIGHUP: [libjvm.dylib+0x3b0e4b], sa_mask[0]=0xfffefeff, sa_flags=0x00000042
SIGINT: SIG_IGN, sa_mask[0]=0x00000000, sa_flags=0x00000000
SIGTERM: [libjvm.dylib+0x3b0e4b], sa_mask[0]=0xfffefeff, sa_flags=0x00000042
SIGQUIT: [libjvm.dylib+0x3b0e4b], sa_mask[0]=0xfffefeff, sa_flags=0x00000042


---------------  S Y S T E M  ---------------

OS:Bsduname:Darwin 12.2.1 Darwin Kernel Version 12.2.1: Thu Oct 18 16:32:48 PDT 2012; root:xnu-2050.20.9~2/RELEASE_X86_64 x86_64
rlimit: STACK 8192k, CORE 0k, NPROC 709, NOFILE 10240, AS infinity
load average:3.95 3.54 3.43

CPU:total 4 (2 cores per cpu, 2 threads per core) family 6 model 58 stepping 9, cmov, cx8, fxsr, mmx, sse, sse2, sse3, ssse3, sse4.1, sse4.2, popcnt, avx, ht, tsc, tscinvbit, tscinv

Memory: 4k page, physical 5097088k(1274272k free)

/proc/meminfo:


vm_info: Java HotSpot(TM) 64-Bit Server VM (23.6-b04) for bsd-amd64 JRE (1.7.0_10-b18), built on Nov 28 2012 07:52:20 by "java_re" with gcc 4.2.1 (Based on Apple Inc. build 5658) (LLVM build 2336.9.00)

time: Tue Jan 15 21:23:30 2013
elapsed time: 18 seconds

