#
# A fatal error has been detected by the Java Runtime Environment:
#
#  Internal Error (sharedRuntime.cpp:728), pid=4081, tid=279315
#  guarantee(false) failed: missing exception handler
#
# JRE version: 7.0_10-b18
# Java VM: Java HotSpot(TM) 64-Bit Server VM (23.6-b04 mixed mode bsd-amd64 compressed oops)
# Failed to write core dump. Core dumps have been disabled. To enable core dumping, try "ulimit -c unlimited" before starting Java again
#
# If you would like to submit a bug report, please visit:
#   http://bugreport.sun.com/bugreport/crash.jsp
#

---------------  T H R E A D  ---------------

Current thread (0x00007ffd44038800):  JavaThread "Thread-1035" [_thread_in_vm, id=279315, stack(0x0000000124a25000,0x0000000124b25000)]

Stack: [0x0000000124a25000,0x0000000124b25000],  sp=0x0000000124b23e50,  free space=1019k
Native frames: (J=compiled Java code, j=interpreted, Vv=VM code, C=native code)
V  [libjvm.dylib+0x4a3117]
V  [libjvm.dylib+0x1b1ebf]
V  [libjvm.dylib+0x4080c9]
V  [libjvm.dylib+0x400a70]
V  [libjvm.dylib+0x400b3f]

Java frames: (J=compiled Java code, j=interpreted, Vv=VM code)
v  ~ExceptionBlob
J  gomoku.GomokuBoard.<init>(Lgomoku/GomokuBoard;)V
J  gomoku.player.Node.createChildren()V
J  gomoku.player.AlphaBeta.alphaBeta(Lgomoku/player/Node;Ljava/lang/Integer;Lgomoku/player/Pair;Lgomoku/player/Pair;Lgomoku/GomokuBoardState;)Lgomoku/player/Pair;
j  gomoku.player.AlphaBeta.algorithm(I)Ljava/awt/Point;+55
j  gomoku.player.Bot.run()V+162
j  java.lang.Thread.run()V+11
v  ~StubRoutines::call_stub

---------------  P R O C E S S  ---------------

Java Threads: ( => current thread )
  0x00007ffd4527a800 JavaThread "Timer-516" [_thread_blocked, id=316931, stack(0x0000000126859000,0x0000000126959000)]
  0x00007ffd44041000 JavaThread "Thread-1037" [_thread_blocked, id=316675, stack(0x0000000126756000,0x0000000126856000)]
=>0x00007ffd44038800 JavaThread "Thread-1035" [_thread_in_vm, id=279315, stack(0x0000000124a25000,0x0000000124b25000)]
  0x00007ffd43053000 JavaThread "Thread-884" [_thread_blocked, id=281131, stack(0x0000000127278000,0x0000000127378000)]
  0x00007ffd44123800 JavaThread "TimerQueue" daemon [_thread_blocked, id=49211, stack(0x0000000125908000,0x0000000125a08000)]
  0x00007ffd4406e000 JavaThread "DestroyJavaVM" [_thread_blocked, id=5891, stack(0x00000001060b4000,0x00000001061b4000)]
  0x00007ffd44845800 JavaThread "AWT-EventQueue-0" [_thread_blocked, id=39683, stack(0x0000000122088000,0x0000000122188000)]
  0x00007ffd450ec000 JavaThread "Java2D Disposer" daemon [_thread_blocked, id=39427, stack(0x0000000121f39000,0x0000000122039000)]
  0x00007ffd4482a800 JavaThread "Java2D Queue Flusher" daemon [_thread_blocked, id=34327, stack(0x0000000120dc4000,0x0000000120ec4000)]
  0x00007ffd4401d000 JavaThread "AWT-Shutdown" [_thread_blocked, id=19719, stack(0x000000011d36f000,0x000000011d46f000)]
  0x00007ffd44011800 JavaThread "AppKit Thread" daemon [_thread_in_native, id=1799, stack(0x00007fff59f1e000,0x00007fff5a71e000)]
  0x00007ffd45048800 JavaThread "Service Thread" daemon [_thread_blocked, id=19203, stack(0x000000011ced1000,0x000000011cfd1000)]
  0x00007ffd4503e800 JavaThread "C2 CompilerThread1" daemon [_thread_in_native, id=18947, stack(0x000000011cdce000,0x000000011cece000)]
  0x00007ffd43023800 JavaThread "C2 CompilerThread0" daemon [_thread_blocked, id=18691, stack(0x000000011cccb000,0x000000011cdcb000)]
  0x00007ffd44803800 JavaThread "Signal Dispatcher" daemon [_thread_blocked, id=18435, stack(0x000000011cbc8000,0x000000011ccc8000)]
  0x00007ffd44009800 JavaThread "Finalizer" daemon [_thread_blocked, id=14083, stack(0x000000011c8f6000,0x000000011c9f6000)]
  0x00007ffd44001000 JavaThread "Reference Handler" daemon [_thread_blocked, id=13827, stack(0x000000011c7f3000,0x000000011c8f3000)]

Other Threads:
  0x00007ffd4480f800 VMThread [stack: 0x000000011c6f0000,0x000000011c7f0000] [id=13571]
  0x00007ffd4302d800 WatcherThread [stack: 0x000000011cfd4000,0x000000011d0d4000] [id=19459]

VM state:synchronizing (normal execution)

VM Mutex/Monitor currently owned by a thread:  ([mutex/lock_event])
[0x00007ffd43b01b30] Threads_lock - owner thread: 0x00007ffd4480f800
[0x00007ffd43b02030] Heap_lock - owner thread: 0x00007ffd44041000

Heap
 def new generation   total 7232K, used 6564K [0x0000000109360000, 0x0000000109b30000, 0x000000010dd60000)
  eden space 6464K, 100% used [0x0000000109360000, 0x00000001099b0000, 0x00000001099b0000)
  from space 768K,  13% used [0x00000001099b0000, 0x00000001099c9068, 0x0000000109a70000)
  to   space 768K,   0% used [0x0000000109a70000, 0x0000000109a70000, 0x0000000109b30000)
 tenured generation   total 15824K, used 9954K [0x000000010dd60000, 0x000000010ecd4000, 0x0000000117160000)
   the space 15824K,  62% used [0x000000010dd60000, 0x000000010e718a38, 0x000000010e718c00, 0x000000010ecd4000)
 compacting perm gen  total 21248K, used 12655K [0x0000000117160000, 0x0000000118620000, 0x000000011c360000)
   the space 21248K,  59% used [0x0000000117160000, 0x0000000117dbbce8, 0x0000000117dbbe00, 0x0000000118620000)
No shared spaces configured.

Card table byte_map: [0x000000011c360000,0x000000011c3f9000] byte_map_base: 0x000000011bb16500

Polling page: 0x00000001061f3000

Code Cache  [0x0000000106289000, 0x00000001064f9000, 0x0000000109289000)
 total_blobs=1076 nmethods=615 adapters=412 free_code_cache=47395Kb largest_free_block=48494720

Compilation events (10 events):
Event: 47.906 Thread 0x00007ffd43023800  658             javax.swing.JComponent::setForeground (42 bytes)
Event: 47.945 Thread 0x00007ffd43023800 nmethod 658 0x000000010642b790 code [0x000000010642b920, 0x000000010642bc48]
Event: 47.945 Thread 0x00007ffd43023800  659             javax.swing.JComponent::setFont (24 bytes)
Event: 47.967 Thread 0x00007ffd43023800 nmethod 659 0x000000010643c210 code [0x000000010643c3e0, 0x000000010643ce70]
Event: 47.967 Thread 0x00007ffd43023800  660             java.awt.Component::getContainer (5 bytes)
Event: 47.967 Thread 0x00007ffd43023800 nmethod 660 0x000000010642b550 code [0x000000010642b6a0, 0x000000010642b718]
Event: 47.971 Thread 0x00007ffd43023800  661   !         javax.swing.JComponent::putClientProperty (107 bytes)
Event: 48.022 Thread 0x00007ffd43023800 nmethod 661 0x00000001064457d0 code [0x00000001064459e0, 0x0000000106446980]
Event: 48.022 Thread 0x00007ffd43023800  662   !         sun.swing.SwingUtilities2::getLeftSideBearing (179 bytes)
Event: 48.063 Thread 0x00007ffd43023800 nmethod 662 0x00000001064474d0 code [0x0000000106447760, 0x0000000106448598]

GC Heap History (10 events):
Event: 47.827 GC heap before
{Heap before GC invocations=189 (full 2):
 def new generation   total 7232K, used 6536K [0x0000000109360000, 0x0000000109b30000, 0x000000010dd60000)
  eden space 6464K, 100% used [0x0000000109360000, 0x00000001099b0000, 0x00000001099b0000)
  from space 768K,   9% used [0x0000000109a70000, 0x0000000109a82198, 0x0000000109b30000)
  to   space 768K,   0% used [0x00000001099b0000, 0x00000001099b0000, 0x0000000109a70000)
 tenured generation   total 15824K, used 9923K [0x000000010dd60000, 0x000000010ecd4000, 0x0000000117160000)
   the space 15824K,  62% used [0x000000010dd60000, 0x000000010e710e88, 0x000000010e711000, 0x000000010ecd4000)
 compacting perm gen  total 21248K, used 12652K [0x0000000117160000, 0x0000000118620000, 0x000000011c360000)
   the space 21248K,  59% used [0x0000000117160000, 0x0000000117dbb3c8, 0x0000000117dbb400, 0x0000000118620000)
No shared spaces configured.
Event: 47.831 GC heap after
Heap after GC invocations=190 (full 2):
 def new generation   total 7232K, used 670K [0x0000000109360000, 0x0000000109b30000, 0x000000010dd60000)
  eden space 6464K,   0% used [0x0000000109360000, 0x0000000109360000, 0x00000001099b0000)
  from space 768K,  87% used [0x00000001099b0000, 0x0000000109a57a28, 0x0000000109a70000)
  to   space 768K,   0% used [0x0000000109a70000, 0x0000000109a70000, 0x0000000109b30000)
 tenured generation   total 15824K, used 9923K [0x000000010dd60000, 0x000000010ecd4000, 0x0000000117160000)
   the space 15824K,  62% used [0x000000010dd60000, 0x000000010e710e88, 0x000000010e711000, 0x000000010ecd4000)
 compacting perm gen  total 21248K, used 12652K [0x0000000117160000, 0x0000000118620000, 0x000000011c360000)
   the space 21248K,  59% used [0x0000000117160000, 0x0000000117dbb3c8, 0x0000000117dbb400, 0x0000000118620000)
No shared spaces configured.
}
Event: 47.880 GC heap before
{Heap before GC invocations=190 (full 2):
 def new generation   total 7232K, used 7134K [0x0000000109360000, 0x0000000109b30000, 0x000000010dd60000)
  eden space 6464K, 100% used [0x0000000109360000, 0x00000001099b0000, 0x00000001099b0000)
  from space 768K,  87% used [0x00000001099b0000, 0x0000000109a57a28, 0x0000000109a70000)
  to   space 768K,   0% used [0x0000000109a70000, 0x0000000109a70000, 0x0000000109b30000)
 tenured generation   total 15824K, used 9923K [0x000000010dd60000, 0x000000010ecd4000, 0x0000000117160000)
   the space 15824K,  62% used [0x000000010dd60000, 0x000000010e710e88, 0x000000010e711000, 0x000000010ecd4000)
 compacting perm gen  total 21248K, used 12653K [0x0000000117160000, 0x0000000118620000, 0x000000011c360000)
   the space 21248K,  59% used [0x0000000117160000, 0x0000000117dbb6d0, 0x0000000117dbb800, 0x0000000118620000)
No shared spaces configured.
Event: 47.883 GC heap after
Heap after GC invocations=191 (full 2):
 def new generation   total 7232K, used 453K [0x0000000109360000, 0x0000000109b30000, 0x000000010dd60000)
  eden space 6464K,   0% used [0x0000000109360000, 0x0000000109360000, 0x00000001099b0000)
  from space 768K,  59% used [0x0000000109a70000, 0x0000000109ae16c8, 0x0000000109b30000)
  to   space 768K,   0% used [0x00000001099b0000, 0x00000001099b0000, 0x0000000109a70000)
 tenured generation   total 15824K, used 9949K [0x000000010dd60000, 0x000000010ecd4000, 0x0000000117160000)
   the space 15824K,  62% used [0x000000010dd60000, 0x000000010e717678, 0x000000010e717800, 0x000000010ecd4000)
 compacting perm gen  total 21248K, used 12653K [0x0000000117160000, 0x0000000118620000, 0x000000011c360000)
   the space 21248K,  59% used [0x0000000117160000, 0x0000000117dbb6d0, 0x0000000117dbb800, 0x0000000118620000)
No shared spaces configured.
}
Event: 47.931 GC heap before
{Heap before GC invocations=191 (full 2):
 def new generation   total 7232K, used 6917K [0x0000000109360000, 0x0000000109b30000, 0x000000010dd60000)
  eden space 6464K, 100% used [0x0000000109360000, 0x00000001099b0000, 0x00000001099b0000)
  from space 768K,  59% used [0x0000000109a70000, 0x0000000109ae16c8, 0x0000000109b30000)
  to   space 768K,   0% used [0x00000001099b0000, 0x00000001099b0000, 0x0000000109a70000)
 tenured generation   total 15824K, used 9949K [0x000000010dd60000, 0x000000010ecd4000, 0x0000000117160000)
   the space 15824K,  62% used [0x000000010dd60000, 0x000000010e717678, 0x000000010e717800, 0x000000010ecd4000)
 compacting perm gen  total 21248K, used 12653K [0x0000000117160000, 0x0000000118620000, 0x000000011c360000)
   the space 21248K,  59% used [0x0000000117160000, 0x0000000117dbb6d0, 0x0000000117dbb800, 0x0000000118620000)
No shared spaces configured.
Event: 47.935 GC heap after
Heap after GC invocations=192 (full 2):
 def new generation   total 7232K, used 639K [0x0000000109360000, 0x0000000109b30000, 0x000000010dd60000)
  eden space 6464K,   0% used [0x0000000109360000, 0x0000000109360000, 0x00000001099b0000)
  from space 768K,  83% used [0x00000001099b0000, 0x0000000109a4fc78, 0x0000000109a70000)
  to   space 768K,   0% used [0x0000000109a70000, 0x0000000109a70000, 0x0000000109b30000)
 tenured generation   total 15824K, used 9952K [0x000000010dd60000, 0x000000010ecd4000, 0x0000000117160000)
   the space 15824K,  62% used [0x000000010dd60000, 0x000000010e718000, 0x000000010e718000, 0x000000010ecd4000)
 compacting perm gen  total 21248K, used 12653K [0x0000000117160000, 0x0000000118620000, 0x000000011c360000)
   the space 21248K,  59% used [0x0000000117160000, 0x0000000117dbb6d0, 0x0000000117dbb800, 0x0000000118620000)
No shared spaces configured.
}
Event: 47.980 GC heap before
{Heap before GC invocations=192 (full 2):
 def new generation   total 7232K, used 7103K [0x0000000109360000, 0x0000000109b30000, 0x000000010dd60000)
  eden space 6464K, 100% used [0x0000000109360000, 0x00000001099b0000, 0x00000001099b0000)
  from space 768K,  83% used [0x00000001099b0000, 0x0000000109a4fc78, 0x0000000109a70000)
  to   space 768K,   0% used [0x0000000109a70000, 0x0000000109a70000, 0x0000000109b30000)
 tenured generation   total 15824K, used 9952K [0x000000010dd60000, 0x000000010ecd4000, 0x0000000117160000)
   the space 15824K,  62% used [0x000000010dd60000, 0x000000010e718000, 0x000000010e718000, 0x000000010ecd4000)
 compacting perm gen  total 21248K, used 12654K [0x0000000117160000, 0x0000000118620000, 0x000000011c360000)
   the space 21248K,  59% used [0x0000000117160000, 0x0000000117dbb8c8, 0x0000000117dbba00, 0x0000000118620000)
No shared spaces configured.
Event: 47.981 GC heap after
Heap after GC invocations=193 (full 2):
 def new generation   total 7232K, used 32K [0x0000000109360000, 0x0000000109b30000, 0x000000010dd60000)
  eden space 6464K,   0% used [0x0000000109360000, 0x0000000109360000, 0x00000001099b0000)
  from space 768K,   4% used [0x0000000109a70000, 0x0000000109a78330, 0x0000000109b30000)
  to   space 768K,   0% used [0x00000001099b0000, 0x00000001099b0000, 0x0000000109a70000)
 tenured generation   total 15824K, used 9954K [0x000000010dd60000, 0x000000010ecd4000, 0x0000000117160000)
   the space 15824K,  62% used [0x000000010dd60000, 0x000000010e718a38, 0x000000010e718c00, 0x000000010ecd4000)
 compacting perm gen  total 21248K, used 12654K [0x0000000117160000, 0x0000000118620000, 0x000000011c360000)
   the space 21248K,  59% used [0x0000000117160000, 0x0000000117dbb8c8, 0x0000000117dbba00, 0x0000000118620000)
No shared spaces configured.
}
Event: 48.025 GC heap before
{Heap before GC invocations=193 (full 2):
 def new generation   total 7232K, used 6496K [0x0000000109360000, 0x0000000109b30000, 0x000000010dd60000)
  eden space 6464K, 100% used [0x0000000109360000, 0x00000001099b0000, 0x00000001099b0000)
  from space 768K,   4% used [0x0000000109a70000, 0x0000000109a78330, 0x0000000109b30000)
  to   space 768K,   0% used [0x00000001099b0000, 0x00000001099b0000, 0x0000000109a70000)
 tenured generation   total 15824K, used 9954K [0x000000010dd60000, 0x000000010ecd4000, 0x0000000117160000)
   the space 15824K,  62% used [0x000000010dd60000, 0x000000010e718a38, 0x000000010e718c00, 0x000000010ecd4000)
 compacting perm gen  total 21248K, used 12654K [0x0000000117160000, 0x0000000118620000, 0x000000011c360000)
   the space 21248K,  59% used [0x0000000117160000, 0x0000000117dbb8c8, 0x0000000117dbba00, 0x0000000118620000)
No shared spaces configured.
Event: 48.027 GC heap after
Heap after GC invocations=194 (full 2):
 def new generation   total 7232K, used 100K [0x0000000109360000, 0x0000000109b30000, 0x000000010dd60000)
  eden space 6464K,   0% used [0x0000000109360000, 0x0000000109360000, 0x00000001099b0000)
  from space 768K,  13% used [0x00000001099b0000, 0x00000001099c9068, 0x0000000109a70000)
  to   space 768K,   0% used [0x0000000109a70000, 0x0000000109a70000, 0x0000000109b30000)
 tenured generation   total 15824K, used 9954K [0x000000010dd60000, 0x000000010ecd4000, 0x0000000117160000)
   the space 15824K,  62% used [0x000000010dd60000, 0x000000010e718a38, 0x000000010e718c00, 0x000000010ecd4000)
 compacting perm gen  total 21248K, used 12654K [0x0000000117160000, 0x0000000118620000, 0x000000011c360000)
   the space 21248K,  59% used [0x0000000117160000, 0x0000000117dbb8c8, 0x0000000117dbba00, 0x0000000118620000)
No shared spaces configured.
}

Deoptimization events (10 events):
Event: 32.366 Thread 0x00007ffd44845800 Uncommon trap -58 fr.pc 0x00000001063c3cac
Event: 32.366 Thread 0x00007ffd44845800 Uncommon trap -58 fr.pc 0x00000001063c3cac
Event: 32.391 Thread 0x00007ffd44845800 Uncommon trap -34 fr.pc 0x00000001063ebd04
Event: 32.438 Thread 0x00007ffd44845800 Uncommon trap -83 fr.pc 0x000000010640a814
Event: 32.442 Thread 0x00007ffd44845800 Uncommon trap -83 fr.pc 0x00000001063f0ce0
Event: 33.328 Thread 0x00007ffd44845800 Uncommon trap -34 fr.pc 0x00000001063ebd04
Event: 41.724 Thread 0x00007ffd44845800 Uncommon trap -34 fr.pc 0x000000010641b6c8
Event: 41.725 Thread 0x00007ffd44845800 Uncommon trap -34 fr.pc 0x000000010641b6c8
Event: 41.725 Thread 0x00007ffd44845800 Uncommon trap -34 fr.pc 0x000000010641b6c8
Event: 41.725 Thread 0x00007ffd44845800 Uncommon trap -34 fr.pc 0x000000010641b6c8

Internal exceptions (10 events):
Event: 47.960 Thread 0x00007ffd43053000 JVM_StopThread thread JavaThread 0x00007ffd4527a800 as oop 0x00000001093b8928 [exception 0x00000001273778e8]
Event: 47.969 Thread 0x00007ffd43053000 JVM_StopThread thread JavaThread 0x00007ffd4316d800 as oop 0x00000001096cfb00 [exception 0x00000001273778e8]
Event: 47.982 Thread 0x00007ffd43053000 JVM_StopThread thread JavaThread 0x00007ffd4316d800 as oop 0x0000000109a70000 [exception 0x00000001273778e8]
Event: 47.991 Thread 0x00007ffd43053000 JVM_StopThread thread JavaThread 0x00007ffd4527a800 as oop 0x0000000109375e00 [exception 0x00000001273778e8]
Event: 48.005 Thread 0x00007ffd43053000 JVM_StopThread thread JavaThread 0x00007ffd4527a800 as oop 0x0000000109389ca8 [exception 0x00000001273778e8]
Event: 48.021 Thread 0x00007ffd43053000 JVM_StopThread thread JavaThread 0x00007ffd4527a800 as oop 0x00000001097361e0 [exception 0x00000001273778e8]
Event: 48.208 Thread 0x00007ffd43053000 JVM_StopThread thread JavaThread 0x00007ffd43369800 as oop 0x00000001099b0000 [exception 0x00000001273778e8]
Event: 48.223 Thread 0x00007ffd43053000 JVM_StopThread thread JavaThread 0x00007ffd4527a800 as oop 0x0000000109504868 [exception 0x00000001273778e8]
Event: 48.235 Thread 0x00007ffd43053000 JVM_StopThread thread JavaThread 0x00007ffd43369800 as oop 0x00000001096add38 [exception 0x00000001273778e8]
Event: 48.246 Thread 0x00007ffd43053000 JVM_StopThread thread JavaThread 0x00007ffd44038800 as oop 0x00000001097e76e8 [exception 0x00000001273778e8]

Events (10 events):
Event: 48.235 Thread 0x00007ffd44038800 Thread added: 0x00007ffd44038800
Event: 48.237 Thread 0x00007ffd44040800 Thread added: 0x00007ffd44040800
Event: 48.246 Thread 0x00007ffd44040800 Thread exited: 0x00007ffd44040800
Event: 48.246 Executing VM operation: ThreadStop
Event: 48.247 Thread 0x00007ffd44041000 Thread added: 0x00007ffd44041000
Event: 48.247 Thread 0x00007ffd4527a800 Thread added: 0x00007ffd4527a800
Event: 48.250 Executing VM operation: ThreadStop done
Event: 48.250 Thread 0x00007ffd44038800 DEOPT PACKING pc=0x000000010631a258 sp=0x0000000124b24820
Event: 48.250 Thread 0x00007ffd44038800 DEOPT UNPACKING pc=0x00000001062c1f0f sp=0x0000000124b24560 mode 0
Event: 48.251 Executing VM operation: GenCollectForAllocation


Dynamic libraries:
0x00000000027c6000 	/System/Library/Frameworks/Cocoa.framework/Versions/A/Cocoa
0x00000000027c6000 	/System/Library/Frameworks/Security.framework/Versions/A/Security
0x00000000027c6000 	/System/Library/Frameworks/ApplicationServices.framework/Versions/A/ApplicationServices
0x00000000027c6000 	/usr/lib/libz.1.dylib
0x00000000027c6000 	/usr/lib/libSystem.B.dylib
0x00000000027c6000 	/usr/lib/libobjc.A.dylib
0x00000000027c6000 	/System/Library/Frameworks/CoreFoundation.framework/Versions/A/CoreFoundation
0x00000000027c6000 	/System/Library/Frameworks/AppKit.framework/Versions/C/AppKit
0x00000000027c6000 	/System/Library/Frameworks/CoreData.framework/Versions/A/CoreData
0x00000000027c6000 	/System/Library/Frameworks/Foundation.framework/Versions/C/Foundation
0x00000000027c6000 	/System/Library/PrivateFrameworks/RemoteViewServices.framework/Versions/A/RemoteViewServices
0x00000000027c6000 	/System/Library/Frameworks/AudioToolbox.framework/Versions/A/AudioToolbox
0x00000000027c6000 	/System/Library/Frameworks/AudioUnit.framework/Versions/A/AudioUnit
0x00000000027c6000 	/System/Library/PrivateFrameworks/DataDetectorsCore.framework/Versions/A/DataDetectorsCore
0x00000000027c6000 	/System/Library/PrivateFrameworks/DesktopServicesPriv.framework/Versions/A/DesktopServicesPriv
0x00000000027c6000 	/System/Library/Frameworks/Carbon.framework/Versions/A/Frameworks/HIToolbox.framework/Versions/A/HIToolbox
0x00000000027c6000 	/System/Library/Frameworks/QuartzCore.framework/Versions/A/QuartzCore
0x00000000027c6000 	/System/Library/Frameworks/Carbon.framework/Versions/A/Frameworks/SpeechRecognition.framework/Versions/A/SpeechRecognition
0x00000000027c6000 	/usr/lib/libauto.dylib
0x00000000027c6000 	/usr/lib/libicucore.A.dylib
0x00000000027c6000 	/usr/lib/libxml2.2.dylib
0x00000000027c6000 	/System/Library/PrivateFrameworks/CoreUI.framework/Versions/A/CoreUI
0x00000000027c6000 	/System/Library/Frameworks/CoreAudio.framework/Versions/A/CoreAudio
0x00000000027c6000 	/System/Library/Frameworks/DiskArbitration.framework/Versions/A/DiskArbitration
0x00000000027c6000 	/usr/lib/liblangid.dylib
0x00000000027c6000 	/System/Library/PrivateFrameworks/MultitouchSupport.framework/Versions/A/MultitouchSupport
0x00000000027c6000 	/System/Library/Frameworks/IOKit.framework/Versions/A/IOKit
0x00000000027c6000 	/usr/lib/libDiagnosticMessagesClient.dylib
0x00000000027c6000 	/System/Library/Frameworks/CoreServices.framework/Versions/A/CoreServices
0x00000000027c6000 	/System/Library/PrivateFrameworks/PerformanceAnalysis.framework/Versions/A/PerformanceAnalysis
0x00000000027c6000 	/System/Library/PrivateFrameworks/GenerationalStorage.framework/Versions/A/GenerationalStorage
0x00000000027c6000 	/System/Library/Frameworks/OpenGL.framework/Versions/A/OpenGL
0x00000000027c6000 	/System/Library/Frameworks/CoreText.framework/Versions/A/CoreText
0x00000000027c6000 	/System/Library/Frameworks/ImageIO.framework/Versions/A/ImageIO
0x00000000027c6000 	/System/Library/PrivateFrameworks/Backup.framework/Versions/A/Backup
0x00000000027c6000 	/System/Library/Frameworks/CFNetwork.framework/Versions/A/CFNetwork
0x00000000027c6000 	/System/Library/Frameworks/SystemConfiguration.framework/Versions/A/SystemConfiguration
0x00000000027c6000 	/usr/lib/libCRFSuite.dylib
0x00000000027c6000 	/System/Library/PrivateFrameworks/TCC.framework/Versions/A/TCC
0x00000000027c6000 	/usr/lib/libc++.1.dylib
0x00000000027c6000 	/usr/lib/libc++abi.dylib
0x00000000027c6000 	/usr/lib/system/libcache.dylib
0x00000000027c6000 	/usr/lib/system/libcommonCrypto.dylib
0x00000000027c6000 	/usr/lib/system/libcompiler_rt.dylib
0x00000000027c6000 	/usr/lib/system/libcopyfile.dylib
0x00000000027c6000 	/usr/lib/system/libdispatch.dylib
0x00000000027c6000 	/usr/lib/system/libdnsinfo.dylib
0x00000000027c6000 	/usr/lib/system/libdyld.dylib
0x00000000027c6000 	/usr/lib/system/libkeymgr.dylib
0x00000000027c6000 	/usr/lib/system/liblaunch.dylib
0x00000000027c6000 	/usr/lib/system/libmacho.dylib
0x00000000027c6000 	/usr/lib/system/libquarantine.dylib
0x00000000027c6000 	/usr/lib/system/libremovefile.dylib
0x00000000027c6000 	/usr/lib/system/libsystem_blocks.dylib
0x00000000027c6000 	/usr/lib/system/libsystem_c.dylib
0x00000000027c6000 	/usr/lib/system/libsystem_dnssd.dylib
0x00000000027c6000 	/usr/lib/system/libsystem_info.dylib
0x00000000027c6000 	/usr/lib/system/libsystem_kernel.dylib
0x00000000027c6000 	/usr/lib/system/libsystem_m.dylib
0x00000000027c6000 	/usr/lib/system/libsystem_network.dylib
0x00000000027c6000 	/usr/lib/system/libsystem_notify.dylib
0x00000000027c6000 	/usr/lib/system/libsystem_sandbox.dylib
0x00000000027c6000 	/usr/lib/system/libunc.dylib
0x00000000027c6000 	/usr/lib/system/libunwind.dylib
0x00000000027c6000 	/usr/lib/system/libxpc.dylib
0x00000000027c6000 	/usr/lib/system/libcorecrypto.dylib
0x00000000027c6000 	/usr/lib/libstdc++.6.dylib
0x00000000027c6000 	/usr/lib/libbsm.0.dylib
0x00000000027c6000 	/usr/lib/libsqlite3.dylib
0x00000000027c6000 	/usr/lib/libxar.1.dylib
0x00000000027c6000 	/usr/lib/libpam.2.dylib
0x00000000027c6000 	/usr/lib/libOpenScriptingUtil.dylib
0x00000000027c6000 	/usr/lib/libbz2.1.0.dylib
0x00000000027c6000 	/System/Library/Frameworks/CoreServices.framework/Versions/A/Frameworks/CarbonCore.framework/Versions/A/CarbonCore
0x00000000027c6000 	/System/Library/Frameworks/CoreServices.framework/Versions/A/Frameworks/Metadata.framework/Versions/A/Metadata
0x00000000027c6000 	/System/Library/Frameworks/CoreServices.framework/Versions/A/Frameworks/OSServices.framework/Versions/A/OSServices
0x00000000027c6000 	/System/Library/Frameworks/CoreServices.framework/Versions/A/Frameworks/SearchKit.framework/Versions/A/SearchKit
0x00000000027c6000 	/System/Library/Frameworks/CoreServices.framework/Versions/A/Frameworks/AE.framework/Versions/A/AE
0x00000000027c6000 	/System/Library/Frameworks/CoreServices.framework/Versions/A/Frameworks/LaunchServices.framework/Versions/A/LaunchServices
0x00000000027c6000 	/System/Library/Frameworks/CoreServices.framework/Versions/A/Frameworks/DictionaryServices.framework/Versions/A/DictionaryServices
0x00000000027c6000 	/System/Library/Frameworks/NetFS.framework/Versions/A/NetFS
0x00000000027c6000 	/usr/lib/system/libkxld.dylib
0x00000000027c6000 	/System/Library/PrivateFrameworks/NetAuth.framework/Versions/A/NetAuth
0x00000000027c6000 	/System/Library/Frameworks/OpenDirectory.framework/Versions/A/Frameworks/CFOpenDirectory.framework/Versions/A/CFOpenDirectory
0x00000000027c6000 	/usr/lib/libxslt.1.dylib
0x00000000027c6000 	/System/Library/PrivateFrameworks/FamilyControls.framework/Versions/A/FamilyControls
0x00000000027c6000 	/System/Library/Frameworks/Carbon.framework/Versions/A/Frameworks/Ink.framework/Versions/A/Ink
0x00000000027c6000 	/System/Library/Frameworks/ApplicationServices.framework/Versions/A/Frameworks/CoreGraphics.framework/Versions/A/CoreGraphics
0x00000000027c6000 	/System/Library/Frameworks/ApplicationServices.framework/Versions/A/Frameworks/ATS.framework/Versions/A/ATS
0x00000000027c6000 	/System/Library/Frameworks/ApplicationServices.framework/Versions/A/Frameworks/ColorSync.framework/Versions/A/ColorSync
0x00000000027c6000 	/System/Library/Frameworks/ApplicationServices.framework/Versions/A/Frameworks/HIServices.framework/Versions/A/HIServices
0x00000000027c6000 	/System/Library/Frameworks/ApplicationServices.framework/Versions/A/Frameworks/LangAnalysis.framework/Versions/A/LangAnalysis
0x00000000027c6000 	/System/Library/Frameworks/ApplicationServices.framework/Versions/A/Frameworks/PrintCore.framework/Versions/A/PrintCore
0x00000000027c6000 	/System/Library/Frameworks/ApplicationServices.framework/Versions/A/Frameworks/QD.framework/Versions/A/QD
0x00000000027c6000 	/System/Library/Frameworks/ApplicationServices.framework/Versions/A/Frameworks/SpeechSynthesis.framework/Versions/A/SpeechSynthesis
0x00000000027c6000 	/System/Library/Frameworks/IOSurface.framework/Versions/A/IOSurface
0x00000000027c6000 	/System/Library/Frameworks/Accelerate.framework/Versions/A/Accelerate
0x00000000027c6000 	/System/Library/Frameworks/ApplicationServices.framework/Versions/A/Frameworks/ATS.framework/Versions/A/Resources/libFontParser.dylib
0x00000000027c6000 	/System/Library/Frameworks/ApplicationServices.framework/Versions/A/Frameworks/ATS.framework/Versions/A/Resources/libFontRegistry.dylib
0x00000000027c6000 	/System/Library/Frameworks/Accelerate.framework/Versions/A/Frameworks/vImage.framework/Versions/A/vImage
0x00000000027c6000 	/System/Library/Frameworks/Accelerate.framework/Versions/A/Frameworks/vecLib.framework/Versions/A/vecLib
0x00000000027c6000 	/System/Library/Frameworks/Accelerate.framework/Versions/A/Frameworks/vecLib.framework/Versions/A/libvDSP.dylib
0x00000000027c6000 	/System/Library/Frameworks/Accelerate.framework/Versions/A/Frameworks/vecLib.framework/Versions/A/libvMisc.dylib
0x00000000027c6000 	/System/Library/Frameworks/Accelerate.framework/Versions/A/Frameworks/vecLib.framework/Versions/A/libLAPACK.dylib
0x00000000027c6000 	/System/Library/Frameworks/Accelerate.framework/Versions/A/Frameworks/vecLib.framework/Versions/A/libBLAS.dylib
0x00000000027c6000 	/System/Library/Frameworks/ImageIO.framework/Versions/A/Resources/libJPEG.dylib
0x00000000027c6000 	/System/Library/Frameworks/ImageIO.framework/Versions/A/Resources/libTIFF.dylib
0x00000000027c6000 	/System/Library/Frameworks/ImageIO.framework/Versions/A/Resources/libPng.dylib
0x00000000027c6000 	/System/Library/Frameworks/ImageIO.framework/Versions/A/Resources/libGIF.dylib
0x00000000027c6000 	/System/Library/Frameworks/ImageIO.framework/Versions/A/Resources/libJP2.dylib
0x00000000027c6000 	/System/Library/Frameworks/ImageIO.framework/Versions/A/Resources/libRadiance.dylib
0x00000000027c6000 	/usr/lib/libcups.2.dylib
0x00000000027c6000 	/System/Library/Frameworks/Kerberos.framework/Versions/A/Kerberos
0x00000000027c6000 	/System/Library/Frameworks/GSS.framework/Versions/A/GSS
0x00000000027c6000 	/usr/lib/libresolv.9.dylib
0x00000000027c6000 	/usr/lib/libiconv.2.dylib
0x00000000027c6000 	/System/Library/PrivateFrameworks/Heimdal.framework/Versions/A/Heimdal
0x00000000027c6000 	/System/Library/PrivateFrameworks/TrustEvaluationAgent.framework/Versions/A/TrustEvaluationAgent
0x00000000027c6000 	/System/Library/Frameworks/OpenDirectory.framework/Versions/A/OpenDirectory
0x00000000027c6000 	/System/Library/PrivateFrameworks/CommonAuth.framework/Versions/A/CommonAuth
0x00000000027c6000 	/System/Library/PrivateFrameworks/Bom.framework/Versions/A/Bom
0x00000000027c6000 	/System/Library/Frameworks/CoreVideo.framework/Versions/A/CoreVideo
0x00000000027c6000 	/System/Library/Frameworks/QuartzCore.framework/Versions/A/Frameworks/CoreImage.framework/Versions/A/CoreImage
0x00000000027c6000 	/System/Library/Frameworks/QuartzCore.framework/Versions/A/Frameworks/ScalableUserInterface.framework/Versions/A/ScalableUserInterface
0x00000000027c6000 	/System/Library/Frameworks/OpenGL.framework/Versions/A/Libraries/libGLU.dylib
0x00000000027c6000 	/System/Library/Frameworks/OpenGL.framework/Versions/A/Libraries/libGFXShared.dylib
0x00000000027c6000 	/System/Library/Frameworks/OpenGL.framework/Versions/A/Libraries/libGL.dylib
0x00000000027c6000 	/System/Library/Frameworks/OpenGL.framework/Versions/A/Libraries/libGLImage.dylib
0x00000000027c6000 	/System/Library/Frameworks/OpenGL.framework/Versions/A/Libraries/libCVMSPluginSupport.dylib
0x00000000027c6000 	/System/Library/Frameworks/OpenGL.framework/Versions/A/Libraries/libCoreVMClient.dylib
0x00000000027c6000 	/System/Library/PrivateFrameworks/CrashReporterSupport.framework/Versions/A/CrashReporterSupport
0x00000000027c6000 	/System/Library/Frameworks/OpenCL.framework/Versions/A/OpenCL
0x00000000027c6000 	/System/Library/PrivateFrameworks/FaceCoreLight.framework/Versions/A/FaceCoreLight
0x00000000027c6000 	/System/Library/PrivateFrameworks/AppleFSCompression.framework/Versions/A/AppleFSCompression
0x00000000027c6000 	/System/Library/PrivateFrameworks/Ubiquity.framework/Versions/A/Ubiquity
0x00000000027c6000 	/System/Library/Frameworks/ServiceManagement.framework/Versions/A/ServiceManagement
0x00000000027c6000 	/System/Library/PrivateFrameworks/ChunkingLibrary.framework/Versions/A/ChunkingLibrary
0x00000000027c6000 	/System/Library/Frameworks/vecLib.framework/Versions/A/vecLib
0x00000000027c6000 	/System/Library/Frameworks/SecurityFoundation.framework/Versions/A/SecurityFoundation
0x00000000027c6000 	/System/Library/PrivateFrameworks/CommerceKit.framework/Versions/A/Frameworks/CommerceCore.framework/Versions/A/CommerceCore
0x00000000027c6000 	/System/Library/PrivateFrameworks/CoreSymbolication.framework/Versions/A/CoreSymbolication
0x00000000027c6000 	/System/Library/PrivateFrameworks/Symbolication.framework/Versions/A/Symbolication
0x00000000027c6000 	/System/Library/PrivateFrameworks/DebugSymbols.framework/Versions/A/DebugSymbols
0x000000010560c000 	/Library/Java/JavaVirtualMachines/jdk1.7.0_10.jdk/Contents/Home/jre/lib/server/libjvm.dylib
0x00000001061b6000 	/Library/Java/JavaVirtualMachines/jdk1.7.0_10.jdk/Contents/Home/jre/lib/libverify.dylib
0x00000001061c3000 	/Library/Java/JavaVirtualMachines/jdk1.7.0_10.jdk/Contents/Home/jre/lib/libjava.dylib
0x0000000106280000 	/Library/Java/JavaVirtualMachines/jdk1.7.0_10.jdk/Contents/Home/jre/lib/libzip.dylib
0x000000011c9f8000 	/System/Library/Frameworks/JavaVM.framework/Frameworks/JavaRuntimeSupport.framework/JavaRuntimeSupport
0x000000011ca10000 	/System/Library/Frameworks/JavaVM.framework/Versions/A/Frameworks/JavaNativeFoundation.framework/Versions/A/JavaNativeFoundation
0x000000011ca25000 	/System/Library/Frameworks/JavaVM.framework/Versions/A/JavaVM
0x00000000027c6000 	/System/Library/Frameworks/Carbon.framework/Versions/A/Carbon
0x000000011ca32000 	/System/Library/PrivateFrameworks/JavaLaunching.framework/Versions/A/JavaLaunching
0x00000000027c6000 	/System/Library/Frameworks/Carbon.framework/Versions/A/Frameworks/CommonPanels.framework/Versions/A/CommonPanels
0x00000000027c6000 	/System/Library/Frameworks/Carbon.framework/Versions/A/Frameworks/Help.framework/Versions/A/Help
0x00000000027c6000 	/System/Library/Frameworks/Carbon.framework/Versions/A/Frameworks/ImageCapture.framework/Versions/A/ImageCapture
0x00000000027c6000 	/System/Library/Frameworks/Carbon.framework/Versions/A/Frameworks/OpenScripting.framework/Versions/A/OpenScripting
0x00000000027c6000 	/System/Library/Frameworks/Carbon.framework/Versions/A/Frameworks/Print.framework/Versions/A/Print
0x00000000027c6000 	/System/Library/Frameworks/Carbon.framework/Versions/A/Frameworks/SecurityHI.framework/Versions/A/SecurityHI
0x000000011d11e000 	/Library/Java/JavaVirtualMachines/jdk1.7.0_10.jdk/Contents/Home/jre/lib/libawt.dylib
0x000000011d1cd000 	/Library/Java/JavaVirtualMachines/jdk1.7.0_10.jdk/Contents/Home/jre/lib/./libmlib_image.dylib
0x000000011d299000 	/Library/Java/JavaVirtualMachines/jdk1.7.0_10.jdk/Contents/Home/jre/lib/lwawt/liblwawt.dylib
0x000000011d34b000 	/Library/Java/JavaVirtualMachines/jdk1.7.0_10.jdk/Contents/Home/jre/lib/libosxapp.dylib
0x000000011d367000 	/System/Library/Frameworks/ExceptionHandling.framework/Versions/A/ExceptionHandling
0x00000000027c6000 	/System/Library/PrivateFrameworks/CoreServicesInternal.framework/Versions/A/CoreServicesInternal
0x00000000027c6000 	/System/Library/PrivateFrameworks/Librarian.framework/Versions/A/Librarian
0x00000000027c6000 	/System/Library/Frameworks/ApplicationServices.framework/Versions/A/Frameworks/CoreGraphics.framework/Versions/A/Resources/libCSync.A.dylib
0x00000000027c6000 	/System/Library/Frameworks/ApplicationServices.framework/Versions/A/Frameworks/CoreGraphics.framework/Versions/A/Resources/libRIP.A.dylib
0x00000000027c6000 	/System/Library/Frameworks/ApplicationServices.framework/Versions/A/Frameworks/CoreGraphics.framework/Versions/A/Resources/libCGXType.A.dylib
0x0000000120ec6000 	/System/Library/Frameworks/OpenGL.framework/Resources/GLEngine.bundle/GLEngine
0x00000001210b4000 	/System/Library/Frameworks/OpenGL.framework/Versions/A/Libraries/libGLProgrammability.dylib
0x000000012122a000 	/System/Library/Extensions/AppleIntelHD4000GraphicsGLDriver.bundle/Contents/MacOS/AppleIntelHD4000GraphicsGLDriver
0x000000011f534000 	/System/Library/PrivateFrameworks/GPUSupport.framework/Versions/A/Libraries/libGPUSupport.dylib
0x000000012180e000 	/System/Library/Frameworks/OpenGL.framework/Resources//GLRendererFloat.bundle/GLRendererFloat
0x000000011f549000 	/System/Library/Frameworks/OpenCL.framework/Versions/A/Libraries/libcldcpuengine.dylib
0x00000000027c6000 	/System/Library/PrivateFrameworks/DiskImages.framework/Versions/A/DiskImages
0x0000000121844000 	/System/Library/Frameworks/OpenGL.framework/Versions/A/Libraries/libCoreFSCache.dylib
0x00000000027c6000 	/System/Library/Frameworks/DiscRecording.framework/Versions/A/DiscRecording
0x00000000027c6000 	/usr/lib/libcurl.4.dylib
0x00000000027c6000 	/System/Library/PrivateFrameworks/MediaKit.framework/Versions/A/MediaKit
0x00000000027c6000 	/usr/lib/libssl.0.9.8.dylib
0x00000000027c6000 	/usr/lib/libcrypto.0.9.8.dylib
0x00000000027c6000 	/System/Library/Frameworks/LDAP.framework/Versions/A/LDAP
0x00000000027c6000 	/usr/lib/libsasl2.2.dylib
0x000000012203b000 	/Library/Java/JavaVirtualMachines/jdk1.7.0_10.jdk/Contents/Home/jre/lib/libfontmanager.dylib
0x000000012184d000 	/Library/Java/JavaVirtualMachines/jdk1.7.0_10.jdk/Contents/Home/jre/lib/libosxui.dylib
0x0000000122fc4000 	cl_kernels
0x00000001248e7000 	/System/Library/Frameworks/OpenCL.framework/Versions/A/Libraries/ImageFormats/unorm8_bgra.dylib
0x0000000122fca000 	cl_kernels
0x0000000122274000 	/Library/Java/JavaVirtualMachines/jdk1.7.0_10.jdk/Contents/Home/jre/lib/libnet.dylib
0x00000001256e8000 	/Library/Java/JavaVirtualMachines/jdk1.7.0_10.jdk/Contents/Home/jre/lib/libnio.dylib
0x00000000027c6000 	/System/Library/Frameworks/ApplicationServices.framework/Versions/A/Frameworks/ATS.framework/Versions/A/Resources/libTrueTypeScaler.dylib
0x0000000126727000 	/Library/Java/JavaVirtualMachines/jdk1.7.0_10.jdk/Contents/Home/jre/lib/libdcpr.dylib

VM Arguments:
jvm_args: -Xbootclasspath/p:/Users/asiron/Dropbox/Studies/Programowanie Obiektowe/Java/Gomoku/ooii/${endorsed.classpath} -Dfile.encoding=UTF-8 
java_command: gomoku.Gomoku
Launcher Type: SUN_STANDARD

Environment Variables:
PATH=/usr/bin:/bin:/usr/sbin:/sbin
LD_LIBRARY_PATH=/Library/Java/JavaVirtualMachines/jdk1.7.0_10.jdk/Contents/Home/jre/lib/amd64:/Library/Java/JavaVirtualMachines/jdk1.7.0_10.jdk/Contents/Home/jre/lib/i386:
SHELL=/bin/bash
DISPLAY=/tmp/launch-PuR3bY/org.macosforge.xquartz:0

Signal Handlers:
SIGSEGV: [libjvm.dylib+0x4a363d], sa_mask[0]=0xfffefeff, sa_flags=0x00000042
SIGBUS: [libjvm.dylib+0x4a363d], sa_mask[0]=0xfffefeff, sa_flags=0x00000042
SIGFPE: [libjvm.dylib+0x3b3051], sa_mask[0]=0xfffefeff, sa_flags=0x00000042
SIGPIPE: [libjvm.dylib+0x3b3051], sa_mask[0]=0xfffefeff, sa_flags=0x00000042
SIGXFSZ: [libjvm.dylib+0x3b3051], sa_mask[0]=0xfffefeff, sa_flags=0x00000042
SIGILL: [libjvm.dylib+0x3b3051], sa_mask[0]=0xfffefeff, sa_flags=0x00000042
SIGUSR1: SIG_DFL, sa_mask[0]=0x00000000, sa_flags=0x00000002
SIGUSR2: [libjvm.dylib+0x3b2bea], sa_mask[0]=0x00000004, sa_flags=0x00000042
SIGHUP: [libjvm.dylib+0x3b0e4b], sa_mask[0]=0xfffefeff, sa_flags=0x00000042
SIGINT: SIG_IGN, sa_mask[0]=0x00000000, sa_flags=0x00000000
SIGTERM: [libjvm.dylib+0x3b0e4b], sa_mask[0]=0xfffefeff, sa_flags=0x00000042
SIGQUIT: [libjvm.dylib+0x3b0e4b], sa_mask[0]=0xfffefeff, sa_flags=0x00000042


---------------  S Y S T E M  ---------------

OS:Bsduname:Darwin 12.2.1 Darwin Kernel Version 12.2.1: Thu Oct 18 16:32:48 PDT 2012; root:xnu-2050.20.9~2/RELEASE_X86_64 x86_64
rlimit: STACK 8192k, CORE 0k, NPROC 709, NOFILE 10240, AS infinity
load average:3.66 2.38 2.10

CPU:total 4 (2 cores per cpu, 2 threads per core) family 6 model 58 stepping 9, cmov, cx8, fxsr, mmx, sse, sse2, sse3, ssse3, sse4.1, sse4.2, popcnt, avx, ht, tsc, tscinvbit, tscinv

Memory: 4k page, physical 906240k(226560k free)

/proc/meminfo:


vm_info: Java HotSpot(TM) 64-Bit Server VM (23.6-b04) for bsd-amd64 JRE (1.7.0_10-b18), built on Nov 28 2012 07:52:20 by "java_re" with gcc 4.2.1 (Based on Apple Inc. build 5658) (LLVM build 2336.9.00)

time: Tue Jan 15 21:55:42 2013
elapsed time: 48 seconds

